[2025-01-13 05:57:54,891][__main__][INFO] - Adding /home/franka/Desktop/fairo/polymetis/polymetis/build to $PATH
[2025-01-13 05:57:54,891][__main__][INFO] - Starting server
[2025-01-13 05:57:54,892][__main__][INFO] - Acquiring sudo...
[2025-01-13 05:57:55,311][__main__][INFO] - Starting robot client...
[2025-01-13 05:57:55,605][polymetis.robot_client.executable_robot_client][INFO] - === Config: ===
robot_ip: 172.16.0.2
control_ip: 0.0.0.0
control_port: 50051
readonly: false
mock: false
use_real_time: true
hz: 1000
num_dofs: 7
exec: franka_panda_client
robot_client_metadata_path: /tmp/tmpjz8zhe7u
limit_rate: true
lpf_cutoff_frequency: 100
limits:
  cartesian_pos_upper:
  - 1.0
  - 0.4
  - 1.0
  cartesian_pos_lower:
  - 0.1
  - -0.4
  - -0.05
  joint_pos_upper:
  - 2.8
  - 1.66
  - 2.8
  - -0.17
  - 2.8
  - 3.65
  - 2.8
  joint_pos_lower:
  - -2.8
  - -1.66
  - -2.8
  - -2.97
  - -2.8
  - 0.08
  - -2.8
  joint_vel:
  - 2.075
  - 2.075
  - 2.075
  - 2.075
  - 2.51
  - 2.51
  - 2.51
  elbow_vel: 2.075
  joint_torques:
  - 86.0
  - 86.0
  - 86.0
  - 86.0
  - 11.5
  - 11.5
  - 11.5
collision_behavior:
  lower_torque:
  - 40.0
  - 40.0
  - 40.0
  - 40.0
  - 40.0
  - 40.0
  - 40.0
  upper_torque:
  - 40.0
  - 40.0
  - 40.0
  - 40.0
  - 40.0
  - 40.0
  - 40.0
  lower_force:
  - 40.0
  - 40.0
  - 40.0
  - 40.0
  - 40.0
  - 40.0
  upper_force:
  - 40.0
  - 40.0
  - 40.0
  - 40.0
  - 40.0
  - 40.0
safety_controller:
  is_active: true
  margins:
    cartesian_pos: 0.05
    joint_pos: 0.2
    joint_vel: 0.5
  stiffness:
    cartesian_pos: 200.0
    joint_pos: 50.0
    joint_vel: 20.0

[2025-01-13 05:57:55,605][polymetis.robot_client.executable_robot_client][INFO] - === Executing client at /home/franka/Desktop/fairo/polymetis/polymetis/build/franka_panda_client ===
[2025-01-13 06:13:28,753][__main__][INFO] - Using sudo to kill subprocess with pid 1466460, pgid 1466460...
